<?xml version="1.0" encoding="UTF-8"?>
<!-- Generated by org.testng.reporters.JUnitReportReporter -->
<testsuite hostname="MYSHEC217881L" failures="0" tests="2" name="com.seleniumpoc.testcases.LoginValidation02" time="20.023" errors="0" timestamp="2020-03-15T00:08:34 IST" skipped="0">
  <testcase classname="com.seleniumpoc.testcases.LoginValidation02" name="loginTest" time="3.659"/>
  <testcase classname="com.seleniumpoc.testcases.LoginValidation02" name="loginTest" time="16.364"/>
</testsuite> <!-- com.seleniumpoc.testcases.LoginValidation02 -->
