<?xml version="1.0" encoding="UTF-8"?>
<!-- Generated by org.testng.reporters.JUnitReportReporter -->
<testsuite hostname="MYSHEC217881L" failures="0" tests="1" name="com.seleniumpoc.testcases.LoginValidation" time="2.747" errors="0" timestamp="2020-03-14T19:04:11 IST" skipped="0">
  <testcase classname="com.seleniumpoc.testcases.LoginValidation" name="loginTest" time="2.747"/>
</testsuite> <!-- com.seleniumpoc.testcases.LoginValidation -->
