<?xml version="1.0" encoding="UTF-8"?>
<!-- Generated by org.testng.reporters.JUnitReportReporter -->
<testsuite hostname="MYSHEC217881L" failures="0" tests="1" name="com.seleniumpoc.testcases.AddNewCustomerValidation" time="94.577" errors="0" timestamp="2020-03-16T23:24:09 IST" skipped="0">
  <testcase classname="com.seleniumpoc.testcases.AddNewCustomerValidation" name="addCustomer" time="94.577"/>
</testsuite> <!-- com.seleniumpoc.testcases.AddNewCustomerValidation -->
