<?xml version="1.0" encoding="UTF-8"?>
<!-- Generated by org.testng.reporters.JUnitReportReporter -->
<testsuite hostname="MYSHEC217881L" failures="0" tests="1" name="com.seleniumpoc.testcases.BookingValidtion" time="0.018" errors="0" timestamp="2020-03-14T16:52:04 IST" skipped="0">
  <testcase classname="com.seleniumpoc.testcases.BookingValidtion" name="bookingTest" time="0.018"/>
</testsuite> <!-- com.seleniumpoc.testcases.BookingValidtion -->
